<?xml version="1.0" encoding="UTF-8"?>
<testsuite name="za.ac.taskflow.ValidationTest" tests="4" skipped="0" failures="0" errors="0" timestamp="2026-09-21T10:34:31" hostname="LabVM2049826" time="0.02">
  <properties/>
  <testcase name="calendarDatesAreStrict" classname="za.ac.taskflow.ValidationTest" time="0.008"/>
  <testcase name="taskValidationCoversLimitsAndEnums" classname="za.ac.taskflow.ValidationTest" time="0.001"/>
  <testcase name="credentialsRejectInvalidInput" classname="za.ac.taskflow.ValidationTest" time="0.0"/>
  <testcase name="filtersCombineCaseInsensitiveSearchPriorityAndDates" classname="za.ac.taskflow.ValidationTest" time="0.007"/>
  <system-out><![CDATA[]]></system-out>
  <system-err><![CDATA[]]></system-err>
</testsuite>
